<?xml version="1.0" encoding="UTF-8"?>
<!-- Generated by org.testng.reporters.JUnitReportReporter -->
<testsuite skipped="0" hostname="NIS-PK529s-MacBook-Pro.local" name="toolsQA.automation.tests.RegistrationFormTest" tests="7" failures="0" timestamp="21 Oct 2022 17:40:34 GMT" time="90.276" errors="0">
  <testcase name="firstNameValidation" time="11.525" classname="toolsQA.automation.tests.RegistrationFormTest"/>
  <testcase name="lastNameValidation" time="10.423" classname="toolsQA.automation.tests.RegistrationFormTest"/>
  <testcase name="genderValidation" time="14.475" classname="toolsQA.automation.tests.RegistrationFormTest"/>
  <testcase name="mobileNumberValidation" time="13.007" classname="toolsQA.automation.tests.RegistrationFormTest"/>
  <testcase name="mobileNumberLengthValidation" time="14.439" classname="toolsQA.automation.tests.RegistrationFormTest"/>
  <testcase name="emailFormatValidation" time="11.653" classname="toolsQA.automation.tests.RegistrationFormTest"/>
  <testcase name="successfulFormSubmission" time="14.754" classname="toolsQA.automation.tests.RegistrationFormTest"/>
</testsuite> <!-- toolsQA.automation.tests.RegistrationFormTest -->
